<?xml version="1.0"?>
<?xml-stylesheet href="file:///usr/bin/../share/nmap/nmap.xsl" type="text/xsl"?>
<!-- Nmap 6.01 scan initiated Fri Sep 14 12:11:55 2012 as: nmap -iL NETSCAN1-20120914T161148.821447.txt -d2 -&#45;stats-every 60 -oN debug.out -oX - -n -sn -T4 -PE -PP -PS80,23,443,21,22,25,3389,110,445,139,143,53,135,3306,8080,1723,111,995,993,5900,1025,587,8888,199,1720,465,548,113,81,6001,10000,514,5060,179,1026,2000,8443,8000,32768,554,26,1433,49152,2001,515,8008,49154,1027,5666,646,5000,5631,631,49153,8081,2049,88,79,5800,106,2121,1110,49155,6000,513,990,5357,427,49156,543,544,5101,144,7,389,8009,3128,444,9999,5009,7070,5190,3000,5432,1900,3986,13,1029,9,5051,6646,49157,1028,873,1755,2717,4899,9100,119,37,1000,3001,5001,82,10010,1030,9090,2107,1024,2103,6004,1801,5050,19,8031,1041,255,2967,1053,1054,1056,1049,1048,1065,1064,3703,17,808,3689,1031,1044,1071,5901,100,9102,2869,8010,9000,5120,1039,4001,2105,636,1038,2601,7000,1069,1066,625,311,280,254,4000,1993,1761,5003,2002,1998,2005,1032,1050,6112,3690,1521,2161,1080,6002,2401,902,4045,787,7937,1058,2383,32771,1059,1040,1033,50000,5555,10001,1494,2301,3,593,1,3268,7938,1234,1022,9001,1037,1036,1074,1035,8002,464,1935,497,6666,2003,6543,24,1352,3269,1111,407,500,20,2006,15000,1218,3260,1034,4444,264,2004,33,42510,1042,3052,999,1023,222,1068,888,7100,1999,4827,563,1717,32770,2008,992,7001,32772,8082,2007,740,5550,512,5801,1043,2009,1700,2701,50001,7019,4662,2065,2010,42,9535,161,3333,2602,5100,2604,5002,4002,52869,9415,23502,8701,64623,33354,8192,8193,8194,65000,2702,8089,8652,6789,20828,5226,5225,1051,1052,1055,32769,3283,1047,1311,6059,9595,9594,9593,64680,4443,35500,1060,1062,8651,16992,16993,65389,55555,55600,730,709,731,13782,1067,366,5902,9050,5500,1002,85,51103,10243,49999,8085,5431,1863,1864,45100,49,3495,90,6667,475,6881,1503,27000,340,8021,1500,78,2222,8088,8899,9071,5566,5102,32774,9101,9876,1501,6005,32773,163,5679,146,1666,648,901,83,8084,8083,3476,14238,5004,5214,9207,8001,912,12345,30,2605,2030,6,541,4,3005,1248,8007,2500,880,306,52822,8291,2525,9009,4242,1097,1086,1088,900,6101,7200,2809,395,12000,800,211,1083,32775,987,705,20005,711,6969,13783,63331,5988,5989,5987,6156,13456,32782,57294,2260,49160,3998,10566,15660,9220,10628,10629,10626,11967,8600,2875,3351,1148,11110,3784,3827,8181,25734,5877,1077,16018,9968,2190,9502,9503,9500,1840,8222,9618,1098,9290,3323,3325,3031,16001,49158,49159,8994,1947,5269,17988,27715,3801,5718,5810,5925,19801,3404,2718,8873,9010,3300,3301,1718,1272,14442,3017,50003,8649,3659,20222,2144,20221,9002,30718,1100,8400,8402,7777,7778,8087,2399,2607,3367,50006,7741,6788,31038,5825,5911,5910,6389,1106,1107,1104,2381,3580,9485,1108,2160,10024,10025,20000,5222,34572,34573,1057,8333,9900,5960,5961,5962,19842,24800,1085,5030,7911,2119,8086,10621,10012,1046,1045,1687,1310,4129,4126,4449,2100,10002,1783,1078,1079,1075,1072,1073,1070,1094,1096,1093,1099,6901,50800,7106,2135,10616,14000,3551,1061,1063,1082,1081,5414,19101,30000,5959,9011,33899,22939,60020,6580,7625,7627,3211,20031,4003,65129,3071,10617,32781,34571,15003,15002,21571,6123,6129,3766,2492,16016,9080,58080,40193,48080,2811,1169,5633,28201,691,89,1001,212,2020,32776,2998,50002,7002,6003,5510,2033,898,32,3372,4165,3061,99,5903,425,749,13722,5405,458,6502,7007,6106,43,7512,3995,32784,8090,49163,49165,8011,5200,5859,49175,7443,3828,19283,61532,2191,5298,5054,1152,3030,9998,5280,27352,10778,1124,19315,9943,9944,5922,61900,18988,3011,3871,8180,3493,2522,50636,55055,1580,3918,5904,3261,3369,5822,3851,19780,5915,8500,5963,1087,8654,7435,1334,4446,10004,1247,3546,1782,56738,4111,7103,24444,3737,8254,2179,1089,9110,9666,15742,9877,3880,2126,7402,4006,27353,27355,3077,9091,3371,51493,8100,16012,50389,2251,62078,1186,1183,3370,1296,1021,32777,9040,32779,616,2021,32778,666,700,2040,49400,38292,545,5802,4321,1524,84,1112,2048,32780,1600,3006,2111,1084,6699,16080,2638,9111,6547,555,801,1443,667,2106,2034,1533,5560,6007,720,6792,5850,32783,32785,8300,49161,49167,9418,8042,8099,3390,7921,7676,1199,1175,8383,4848,8292,49176,3527,5440,11111,8022,6567,3826,25735,6779,6689,7999,10215,3322,3324,3971,10180,1151,44176,50300,6510,3814,50500,3517,5862,6692,2725,16113,1122,8045,54328,5678,3809,3800,5811,5815,60443,1271,1138,1131,8290,9099,7496,16000,3878,12265,3905,57797,5061,9575,9003,7025,3869,30951,3914,5906,7800,4567,2394,2393,3003,2608,1117,1119,4279,5730,3920,4550,41511,5221,52673,55056,5033,9917,5907,7920,1862,10003,10009,1090,1091,4445,14441,18040,6025,54045,18101,5950,5952,5080,26214,6100,9200,12174,6565,6566,44501,8800,8200,17877,9878,5544,3945,40911,3889,52848,4004,4005,9898,27356,4900,19350,3168,15004,2323,1114,56737,9081,3221,5087,6839,2909,8093,1201,417,6346,4998,1009,617,4224,2022,777,70,714,981,722,2041,5999,524,668,765,10082,1076,301,2038,416,259,1007,4343,7004,1417,44443,1434,6009,2068,1984,109,2046,687,7201,911,1461,1010,4125,2035,9103,6006,726,2047,2043,683,1011,1455,481,903,6668,6669,2013,125,2045,2042,406,5998,256,783,9929,843,44442,31337,5981,3994,3993,3990,16705,4658,8097,8095,30704,6051,37839,49168,60642,3514,6203,10008,1198,57665,1192,1174,4252,1287,17595,8765,8766,60123,44709,8385,8050,8019,8015,8540,32822,55020,8294,1244,15001,32791,32792,52710,10058,12006,16800,3697,9409,9621,49401,23052,38188,38185,1141,1147,1145,1149,5501,2968,9988 -->
<nmaprun scanner="nmap" args="nmap -iL NETSCAN1-20120914T161148.821447.txt -d2 -&#45;stats-every 60 -oN debug.out -oX - -n -sn -T4 -PE -PP -PS80,23,443,21,22,25,3389,110,445,139,143,53,135,3306,8080,1723,111,995,993,5900,1025,587,8888,199,1720,465,548,113,81,6001,10000,514,5060,179,1026,2000,8443,8000,32768,554,26,1433,49152,2001,515,8008,49154,1027,5666,646,5000,5631,631,49153,8081,2049,88,79,5800,106,2121,1110,49155,6000,513,990,5357,427,49156,543,544,5101,144,7,389,8009,3128,444,9999,5009,7070,5190,3000,5432,1900,3986,13,1029,9,5051,6646,49157,1028,873,1755,2717,4899,9100,119,37,1000,3001,5001,82,10010,1030,9090,2107,1024,2103,6004,1801,5050,19,8031,1041,255,2967,1053,1054,1056,1049,1048,1065,1064,3703,17,808,3689,1031,1044,1071,5901,100,9102,2869,8010,9000,5120,1039,4001,2105,636,1038,2601,7000,1069,1066,625,311,280,254,4000,1993,1761,5003,2002,1998,2005,1032,1050,6112,3690,1521,2161,1080,6002,2401,902,4045,787,7937,1058,2383,32771,1059,1040,1033,50000,5555,10001,1494,2301,3,593,1,3268,7938,1234,1022,9001,1037,1036,1074,1035,8002,464,1935,497,6666,2003,6543,24,1352,3269,1111,407,500,20,2006,15000,1218,3260,1034,4444,264,2004,33,42510,1042,3052,999,1023,222,1068,888,7100,1999,4827,563,1717,32770,2008,992,7001,32772,8082,2007,740,5550,512,5801,1043,2009,1700,2701,50001,7019,4662,2065,2010,42,9535,161,3333,2602,5100,2604,5002,4002,52869,9415,23502,8701,64623,33354,8192,8193,8194,65000,2702,8089,8652,6789,20828,5226,5225,1051,1052,1055,32769,3283,1047,1311,6059,9595,9594,9593,64680,4443,35500,1060,1062,8651,16992,16993,65389,55555,55600,730,709,731,13782,1067,366,5902,9050,5500,1002,85,51103,10243,49999,8085,5431,1863,1864,45100,49,3495,90,6667,475,6881,1503,27000,340,8021,1500,78,2222,8088,8899,9071,5566,5102,32774,9101,9876,1501,6005,32773,163,5679,146,1666,648,901,83,8084,8083,3476,14238,5004,5214,9207,8001,912,12345,30,2605,2030,6,541,4,3005,1248,8007,2500,880,306,52822,8291,2525,9009,4242,1097,1086,1088,900,6101,7200,2809,395,12000,800,211,1083,32775,987,705,20005,711,6969,13783,63331,5988,5989,5987,6156,13456,32782,57294,2260,49160,3998,10566,15660,9220,10628,10629,10626,11967,8600,2875,3351,1148,11110,3784,3827,8181,25734,5877,1077,16018,9968,2190,9502,9503,9500,1840,8222,9618,1098,9290,3323,3325,3031,16001,49158,49159,8994,1947,5269,17988,27715,3801,5718,5810,5925,19801,3404,2718,8873,9010,3300,3301,1718,1272,14442,3017,50003,8649,3659,20222,2144,20221,9002,30718,1100,8400,8402,7777,7778,8087,2399,2607,3367,50006,7741,6788,31038,5825,5911,5910,6389,1106,1107,1104,2381,3580,9485,1108,2160,10024,10025,20000,5222,34572,34573,1057,8333,9900,5960,5961,5962,19842,24800,1085,5030,7911,2119,8086,10621,10012,1046,1045,1687,1310,4129,4126,4449,2100,10002,1783,1078,1079,1075,1072,1073,1070,1094,1096,1093,1099,6901,50800,7106,2135,10616,14000,3551,1061,1063,1082,1081,5414,19101,30000,5959,9011,33899,22939,60020,6580,7625,7627,3211,20031,4003,65129,3071,10617,32781,34571,15003,15002,21571,6123,6129,3766,2492,16016,9080,58080,40193,48080,2811,1169,5633,28201,691,89,1001,212,2020,32776,2998,50002,7002,6003,5510,2033,898,32,3372,4165,3061,99,5903,425,749,13722,5405,458,6502,7007,6106,43,7512,3995,32784,8090,49163,49165,8011,5200,5859,49175,7443,3828,19283,61532,2191,5298,5054,1152,3030,9998,5280,27352,10778,1124,19315,9943,9944,5922,61900,18988,3011,3871,8180,3493,2522,50636,55055,1580,3918,5904,3261,3369,5822,3851,19780,5915,8500,5963,1087,8654,7435,1334,4446,10004,1247,3546,1782,56738,4111,7103,24444,3737,8254,2179,1089,9110,9666,15742,9877,3880,2126,7402,4006,27353,27355,3077,9091,3371,51493,8100,16012,50389,2251,62078,1186,1183,3370,1296,1021,32777,9040,32779,616,2021,32778,666,700,2040,49400,38292,545,5802,4321,1524,84,1112,2048,32780,1600,3006,2111,1084,6699,16080,2638,9111,6547,555,801,1443,667,2106,2034,1533,5560,6007,720,6792,5850,32783,32785,8300,49161,49167,9418,8042,8099,3390,7921,7676,1199,1175,8383,4848,8292,49176,3527,5440,11111,8022,6567,3826,25735,6779,6689,7999,10215,3322,3324,3971,10180,1151,44176,50300,6510,3814,50500,3517,5862,6692,2725,16113,1122,8045,54328,5678,3809,3800,5811,5815,60443,1271,1138,1131,8290,9099,7496,16000,3878,12265,3905,57797,5061,9575,9003,7025,3869,30951,3914,5906,7800,4567,2394,2393,3003,2608,1117,1119,4279,5730,3920,4550,41511,5221,52673,55056,5033,9917,5907,7920,1862,10003,10009,1090,1091,4445,14441,18040,6025,54045,18101,5950,5952,5080,26214,6100,9200,12174,6565,6566,44501,8800,8200,17877,9878,5544,3945,40911,3889,52848,4004,4005,9898,27356,4900,19350,3168,15004,2323,1114,56737,9081,3221,5087,6839,2909,8093,1201,417,6346,4998,1009,617,4224,2022,777,70,714,981,722,2041,5999,524,668,765,10082,1076,301,2038,416,259,1007,4343,7004,1417,44443,1434,6009,2068,1984,109,2046,687,7201,911,1461,1010,4125,2035,9103,6006,726,2047,2043,683,1011,1455,481,903,6668,6669,2013,125,2045,2042,406,5998,256,783,9929,843,44442,31337,5981,3994,3993,3990,16705,4658,8097,8095,30704,6051,37839,49168,60642,3514,6203,10008,1198,57665,1192,1174,4252,1287,17595,8765,8766,60123,44709,8385,8050,8019,8015,8540,32822,55020,8294,1244,15001,32791,32792,52710,10058,12006,16800,3697,9409,9621,49401,23052,38188,38185,1141,1147,1145,1149,5501,2968,9988" start="1347639115" startstr="Fri Sep 14 12:11:55 2012" version="6.01" xmloutputversion="1.04">
<verbose level="2"/>
<debugging level="2"/>
<taskbegin task="Ping Scan" time="1347639115"/>
<taskend task="Ping Scan" time="1347639115" extrainfo="2 total hosts"/>
<host><status state="up" reason="admin-prohibited"/>
<address addr="173.66.73.61" addrtype="ipv4"/>
<hostnames>
</hostnames>
<times srtt="10975" rttvar="10975" to="100000"/>
</host>
<host><status state="up" reason="reset"/>
<address addr="66.207.132.2" addrtype="ipv4"/>
<hostnames>
</hostnames>
<times srtt="11053" rttvar="11053" to="100000"/>
</host>
<runstats><finished time="1347639115" timestr="Fri Sep 14 12:11:55 2012" elapsed="0.04" summary="Nmap done at Fri Sep 14 12:11:55 2012; 2 IP addresses (2 hosts up) scanned in 0.04 seconds" exit="success"/><hosts up="2" down="0" total="2"/>
</runstats>
</nmaprun>
